2022-01-18 00:35:37 INFO  [main] c.m.s.t.t.k.s.TwitterToKafkaServiceApplication - Starting TwitterToKafkaServiceApplication using Java 15.0.2 on Abdullahs-MacBook-Pro.local with PID 13701 (/Users/abdullahmohamed/Downloads/spring/twitter-to-kafka-service/target/classes started by abdullahmohamed in /Users/abdullahmohamed/Downloads/spring)
2022-01-18 00:35:37 INFO  [main] c.m.s.t.t.k.s.TwitterToKafkaServiceApplication - The following profiles are active: twitter_to_kafka
2022-01-18 00:35:37 INFO  [main] o.s.b.c.config.ConfigDataLoader - Fetching config from server at : http://localhost:8888
2022-01-18 00:35:37 INFO  [main] o.s.b.c.config.ConfigDataLoader - Located environment: name=twitter-to-kafka-service,config-client, profiles=[twitter_to_kafka], label=null, version=9c4986c78606fd520fd7569e715f4e4a806b3649, state=null
2022-01-18 00:35:38 INFO  [main] o.s.cloud.context.scope.GenericScope - BeanFactory id=538beb8d-9c8a-39db-a5ec-45d26b3a0a40
2022-01-18 00:35:38 INFO  [main] o.s.c.s.PostProcessorRegistrationDelegate$BeanPostProcessorChecker - Bean 'org.springframework.retry.annotation.RetryConfiguration' of type [org.springframework.retry.annotation.RetryConfiguration] is not eligible for getting processed by all BeanPostProcessors (for example: not eligible for auto-proxying)
2022-01-18 00:35:38 INFO  [main] o.a.k.c.admin.AdminClientConfig - AdminClientConfig values: 
	bootstrap.servers = [localhost:19092, localhost:29092, localhost:39092]
	client.dns.lookup = use_all_dns_ips
	client.id = 
	connections.max.idle.ms = 300000
	default.api.timeout.ms = 60000
	metadata.max.age.ms = 300000
	metric.reporters = []
	metrics.num.samples = 2
	metrics.recording.level = INFO
	metrics.sample.window.ms = 30000
	receive.buffer.bytes = 65536
	reconnect.backoff.max.ms = 1000
	reconnect.backoff.ms = 50
	request.timeout.ms = 30000
	retries = 2147483647
	retry.backoff.ms = 100
	sasl.client.callback.handler.class = null
	sasl.jaas.config = null
	sasl.kerberos.kinit.cmd = /usr/bin/kinit
	sasl.kerberos.min.time.before.relogin = 60000
	sasl.kerberos.service.name = null
	sasl.kerberos.ticket.renew.jitter = 0.05
	sasl.kerberos.ticket.renew.window.factor = 0.8
	sasl.login.callback.handler.class = null
	sasl.login.class = null
	sasl.login.refresh.buffer.seconds = 300
	sasl.login.refresh.min.period.seconds = 60
	sasl.login.refresh.window.factor = 0.8
	sasl.login.refresh.window.jitter = 0.05
	sasl.mechanism = GSSAPI
	security.protocol = PLAINTEXT
	security.providers = null
	send.buffer.bytes = 131072
	socket.connection.setup.timeout.max.ms = 30000
	socket.connection.setup.timeout.ms = 10000
	ssl.cipher.suites = null
	ssl.enabled.protocols = [TLSv1.2, TLSv1.3]
	ssl.endpoint.identification.algorithm = https
	ssl.engine.factory.class = null
	ssl.key.password = null
	ssl.keymanager.algorithm = SunX509
	ssl.keystore.certificate.chain = null
	ssl.keystore.key = null
	ssl.keystore.location = null
	ssl.keystore.password = null
	ssl.keystore.type = JKS
	ssl.protocol = TLSv1.3
	ssl.provider = null
	ssl.secure.random.implementation = null
	ssl.trustmanager.algorithm = PKIX
	ssl.truststore.certificates = null
	ssl.truststore.location = null
	ssl.truststore.password = null
	ssl.truststore.type = JKS

2022-01-18 00:35:38 INFO  [main] o.a.kafka.common.utils.AppInfoParser - Kafka version: 3.0.0
2022-01-18 00:35:38 INFO  [main] o.a.kafka.common.utils.AppInfoParser - Kafka commitId: 8cb0a5e9d3441962
2022-01-18 00:35:38 INFO  [main] o.a.kafka.common.utils.AppInfoParser - Kafka startTimeMs: 1642484138420
2022-01-18 00:35:38 INFO  [main] o.s.b.a.s.r.ReactiveUserDetailsServiceAutoConfiguration - 

Using generated security password: 6b8a1b52-e704-4026-b3b5-2a7f340d6029

2022-01-18 00:35:39 INFO  [main] o.s.b.w.e.netty.NettyWebServer - Netty started on port 8080
2022-01-18 00:35:39 INFO  [main] c.m.s.t.t.k.s.TwitterToKafkaServiceApplication - Started TwitterToKafkaServiceApplication in 3.09 seconds (JVM running for 3.63)
2022-01-18 00:35:39 INFO  [main] c.m.s.t.t.k.s.TwitterToKafkaServiceApplication - App starts...
2022-01-18 00:35:39 INFO  [main] c.m.s.k.a.c.client.KafkaAdminClient - Creating 1 topic(s), attempt 0
2022-01-18 00:35:39 INFO  [main] c.m.s.k.a.c.client.KafkaAdminClient - Reading kafka topic [twitter-topic], attempt 0
2022-01-18 00:35:39 INFO  [main] c.m.s.t.t.k.s.i.i.KafkaStreamInitializer - Topics with name twitter-topic is ready for operations!
2022-01-18 00:35:39 INFO  [main] c.m.s.t.t.k.s.r.i.TwitterKafkaStreamRunner - Started filtering twitter stream for keywords [Java, Microservices, Spring, Kafka, Elasticsearch]
2022-01-18 00:35:39 INFO  [Twitter Stream consumer-1[initializing]] twitter4j.TwitterStreamImpl - Establishing connection.
2022-01-18 00:35:40 INFO  [Twitter Stream consumer-1[Establishing connection]] twitter4j.TwitterStreamImpl - Connection established.
2022-01-18 00:35:40 INFO  [Twitter Stream consumer-1[Establishing connection]] twitter4j.TwitterStreamImpl - Receiving status stream.
2022-01-18 00:35:40 INFO  [Twitter4J Async Dispatcher[0]] c.m.s.t.t.k.s.l.TwitterKafkaStatusListener - Received status text RT @Nebula_miin: GIVENCHY Spring Collection 2022 รุ่นนี้ทำชั้นเป็นลมไปแล้ว Rose Perfect ที่ทำให้คุณตกหลุมรักตัวเอง 2 ครั้ง เออ เชื่อ โดนตกไ… sending to kafka topic twitter-topic
2022-01-18 00:35:40 INFO  [Twitter4J Async Dispatcher[0]] c.m.s.k.p.s.i.TwitterKafkaProducer - Sending message='{"userId": 1061578964261457922, "id": 1483312090232532992, "text": "RT @Nebula_miin: GIVENCHY Spring Collection 2022 รุ่นนี้ทำชั้นเป็นลมไปแล้ว Rose Perfect ที่ทำให้คุณตกหลุมรักตัวเอง 2 ครั้ง เออ เชื่อ โดนตกไ\u2026", "createdAt": 1642484135000}' to topic='twitter-topic'
2022-01-18 00:35:40 INFO  [Twitter4J Async Dispatcher[0]] o.a.k.c.producer.ProducerConfig - ProducerConfig values: 
	acks = -1
	batch.size = 1638400
	bootstrap.servers = [localhost:19092, localhost:29092, localhost:39092]
	buffer.memory = 33554432
	client.dns.lookup = use_all_dns_ips
	client.id = producer-1
	compression.type = snappy
	connections.max.idle.ms = 540000
	delivery.timeout.ms = 120000
	enable.idempotence = true
	interceptor.classes = []
	key.serializer = class org.apache.kafka.common.serialization.LongSerializer
	linger.ms = 5
	max.block.ms = 60000
	max.in.flight.requests.per.connection = 5
	max.request.size = 1048576
	metadata.max.age.ms = 300000
	metadata.max.idle.ms = 300000
	metric.reporters = []
	metrics.num.samples = 2
	metrics.recording.level = INFO
	metrics.sample.window.ms = 30000
	partitioner.class = class org.apache.kafka.clients.producer.internals.DefaultPartitioner
	receive.buffer.bytes = 32768
	reconnect.backoff.max.ms = 1000
	reconnect.backoff.ms = 50
	request.timeout.ms = 60000
	retries = 5
	retry.backoff.ms = 100
	sasl.client.callback.handler.class = null
	sasl.jaas.config = null
	sasl.kerberos.kinit.cmd = /usr/bin/kinit
	sasl.kerberos.min.time.before.relogin = 60000
	sasl.kerberos.service.name = null
	sasl.kerberos.ticket.renew.jitter = 0.05
	sasl.kerberos.ticket.renew.window.factor = 0.8
	sasl.login.callback.handler.class = null
	sasl.login.class = null
	sasl.login.refresh.buffer.seconds = 300
	sasl.login.refresh.min.period.seconds = 60
	sasl.login.refresh.window.factor = 0.8
	sasl.login.refresh.window.jitter = 0.05
	sasl.mechanism = GSSAPI
	security.protocol = PLAINTEXT
	security.providers = null
	send.buffer.bytes = 131072
	socket.connection.setup.timeout.max.ms = 30000
	socket.connection.setup.timeout.ms = 10000
	ssl.cipher.suites = null
	ssl.enabled.protocols = [TLSv1.2, TLSv1.3]
	ssl.endpoint.identification.algorithm = https
	ssl.engine.factory.class = null
	ssl.key.password = null
	ssl.keymanager.algorithm = SunX509
	ssl.keystore.certificate.chain = null
	ssl.keystore.key = null
	ssl.keystore.location = null
	ssl.keystore.password = null
	ssl.keystore.type = JKS
	ssl.protocol = TLSv1.3
	ssl.provider = null
	ssl.secure.random.implementation = null
	ssl.trustmanager.algorithm = PKIX
	ssl.truststore.certificates = null
	ssl.truststore.location = null
	ssl.truststore.password = null
	ssl.truststore.type = JKS
	transaction.timeout.ms = 60000
	transactional.id = null
	value.serializer = class io.confluent.kafka.serializers.KafkaAvroSerializer

2022-01-18 00:35:40 INFO  [Twitter4J Async Dispatcher[0]] i.c.k.s.KafkaAvroSerializerConfig - KafkaAvroSerializerConfig values: 
	bearer.auth.token = [hidden]
	schema.registry.url = [http://localhost:8081]
	basic.auth.user.info = [hidden]
	auto.register.schemas = true
	max.schemas.per.subject = 1000
	basic.auth.credentials.source = URL
	schema.registry.basic.auth.user.info = [hidden]
	bearer.auth.credentials.source = STATIC_TOKEN
	value.subject.name.strategy = class io.confluent.kafka.serializers.subject.TopicNameStrategy
	key.subject.name.strategy = class io.confluent.kafka.serializers.subject.TopicNameStrategy

2022-01-18 00:35:40 INFO  [Twitter4J Async Dispatcher[0]] o.a.kafka.common.utils.AppInfoParser - Kafka version: 3.0.0
2022-01-18 00:35:40 INFO  [Twitter4J Async Dispatcher[0]] o.a.kafka.common.utils.AppInfoParser - Kafka commitId: 8cb0a5e9d3441962
2022-01-18 00:35:40 INFO  [Twitter4J Async Dispatcher[0]] o.a.kafka.common.utils.AppInfoParser - Kafka startTimeMs: 1642484140716
2022-01-18 00:35:40 INFO  [kafka-producer-network-thread | producer-1] org.apache.kafka.clients.Metadata - [Producer clientId=producer-1] Cluster ID: oDcuPHE2Tn6Y0A4dd7_4yg
2022-01-18 00:35:40 INFO  [Twitter4J Async Dispatcher[0]] c.m.s.t.t.k.s.l.TwitterKafkaStatusListener - Received status text I’m hosting a Huge #lgbtq friendly #minecraft server! Anyone that owns Minecraft is able to join!

Java IP:… https://t.co/7w9eVWoVhX sending to kafka topic twitter-topic
2022-01-18 00:35:40 INFO  [Twitter4J Async Dispatcher[0]] c.m.s.k.p.s.i.TwitterKafkaProducer - Sending message='{"userId": 1377622440709345281, "id": 1483312090614059009, "text": "I\u2019m hosting a Huge #lgbtq friendly #minecraft server! Anyone that owns Minecraft is able to join!\n\nJava IP:\u2026 https://t.co/7w9eVWoVhX", "createdAt": 1642484135000}' to topic='twitter-topic'
2022-01-18 00:35:42 INFO  [Twitter4J Async Dispatcher[0]] c.m.s.t.t.k.s.l.TwitterKafkaStatusListener - Received status text RT @SonyMusicU: Spring and Summer banger incoming 🔥🔥🔥 @xtina @ozuna https://t.co/MkDup4KQNL sending to kafka topic twitter-topic
2022-01-18 00:35:42 INFO  [Twitter4J Async Dispatcher[0]] c.m.s.k.p.s.i.TwitterKafkaProducer - Sending message='{"userId": 741389985220157442, "id": 1483312098805440512, "text": "RT @SonyMusicU: Spring and Summer banger incoming 🔥🔥🔥 @xtina @ozuna https://t.co/MkDup4KQNL", "createdAt": 1642484137000}' to topic='twitter-topic'
2022-01-18 00:35:43 INFO  [Twitter4J Async Dispatcher[0]] c.m.s.t.t.k.s.l.TwitterKafkaStatusListener - Received status text RT @Nebula_miin: GIVENCHY Spring Collection 2022 รุ่นนี้ทำชั้นเป็นลมไปแล้ว Rose Perfect ที่ทำให้คุณตกหลุมรักตัวเอง 2 ครั้ง เออ เชื่อ โดนตกไ… sending to kafka topic twitter-topic
2022-01-18 00:35:43 INFO  [Twitter4J Async Dispatcher[0]] c.m.s.k.p.s.i.TwitterKafkaProducer - Sending message='{"userId": 1211913849932107776, "id": 1483312101607505927, "text": "RT @Nebula_miin: GIVENCHY Spring Collection 2022 รุ่นนี้ทำชั้นเป็นลมไปแล้ว Rose Perfect ที่ทำให้คุณตกหลุมรักตัวเอง 2 ครั้ง เออ เชื่อ โดนตกไ\u2026", "createdAt": 1642484138000}' to topic='twitter-topic'
2022-01-18 00:35:43 INFO  [Twitter4J Async Dispatcher[0]] c.m.s.t.t.k.s.l.TwitterKafkaStatusListener - Received status text beautiful, spring breeze sending to kafka topic twitter-topic
2022-01-18 00:35:43 INFO  [Twitter4J Async Dispatcher[0]] c.m.s.k.p.s.i.TwitterKafkaProducer - Sending message='{"userId": 1477529473566134273, "id": 1483312102714789890, "text": "beautiful, spring breeze", "createdAt": 1642484138000}' to topic='twitter-topic'
2022-01-18 00:35:46 INFO  [Twitter4J Async Dispatcher[0]] c.m.s.t.t.k.s.l.TwitterKafkaStatusListener - Received status text RT @shrutibalasa: Anyone here available for web development freelance work?

I know someone who’s looking for freelancers good at Reactjs/N… sending to kafka topic twitter-topic
2022-01-18 00:35:46 INFO  [Twitter4J Async Dispatcher[0]] c.m.s.k.p.s.i.TwitterKafkaProducer - Sending message='{"userId": 1238867875768696833, "id": 1483312115993690117, "text": "RT @shrutibalasa: Anyone here available for web development freelance work?\n\nI know someone who\u2019s looking for freelancers good at Reactjs/N\u2026", "createdAt": 1642484141000}' to topic='twitter-topic'
2022-01-18 00:35:46 INFO  [SpringApplicationShutdownHook] c.m.s.k.p.s.i.TwitterKafkaProducer - Closing kafka producer!
2022-01-18 00:35:46 INFO  [SpringApplicationShutdownHook] o.a.k.clients.producer.KafkaProducer - [Producer clientId=producer-1] Closing the Kafka producer with timeoutMillis = 30000 ms.
2022-01-18 00:35:46 INFO  [SpringApplicationShutdownHook] o.a.kafka.common.metrics.Metrics - Metrics scheduler closed
2022-01-18 00:35:46 INFO  [SpringApplicationShutdownHook] o.a.kafka.common.metrics.Metrics - Closing reporter org.apache.kafka.common.metrics.JmxReporter
2022-01-18 00:35:46 INFO  [SpringApplicationShutdownHook] o.a.kafka.common.metrics.Metrics - Metrics reporters closed
2022-01-18 00:35:46 INFO  [SpringApplicationShutdownHook] o.a.kafka.common.utils.AppInfoParser - App info kafka.producer for producer-1 unregistered
2022-01-18 00:35:46 INFO  [kafka-admin-client-thread | adminclient-1] o.a.kafka.common.utils.AppInfoParser - App info kafka.admin.client for adminclient-1 unregistered
2022-01-18 00:35:46 INFO  [kafka-admin-client-thread | adminclient-1] o.a.kafka.common.metrics.Metrics - Metrics scheduler closed
2022-01-18 00:35:46 INFO  [kafka-admin-client-thread | adminclient-1] o.a.kafka.common.metrics.Metrics - Closing reporter org.apache.kafka.common.metrics.JmxReporter
2022-01-18 00:35:46 INFO  [kafka-admin-client-thread | adminclient-1] o.a.kafka.common.metrics.Metrics - Metrics reporters closed
2022-01-18 00:35:47 INFO  [Twitter Stream consumer-1[Receiving stream]] twitter4j.TwitterStreamImpl - Task twitter4j.StatusStreamBase$1@7c21d7c8 rejected from java.util.concurrent.ThreadPoolExecutor@d912ed2[Terminated, pool size = 0, active threads = 0, queued tasks = 0, completed tasks = 6]
